<?xml version="1.0" encoding="UTF-8"?>
<testsuite name="kr.seoulautogallery.web.PostsApiControllerTest" tests="2" skipped="0" failures="0" errors="0" timestamp="2020-07-31T08:02:55" hostname="asuspc" time="0.075">
  <properties/>
  <testcase name="Posts_등록된다" classname="kr.seoulautogallery.web.PostsApiControllerTest" time="0.053"/>
  <testcase name="Posts_수정된다" classname="kr.seoulautogallery.web.PostsApiControllerTest" time="0.022"/>
  <system-out><![CDATA[2020-07-31 17:02:55.368  INFO 20084 --- [    Test worker] .b.t.c.SpringBootTestContextBootstrapper : Neither @ContextConfiguration nor @ContextHierarchy found for test class [kr.seoulautogallery.web.PostsApiControllerTest], using SpringBootContextLoader
2020-07-31 17:02:55.369  INFO 20084 --- [    Test worker] o.s.t.c.support.AbstractContextLoader    : Could not detect default resource locations for test class [kr.seoulautogallery.web.PostsApiControllerTest]: no resource found for suffixes {-context.xml, Context.groovy}.
2020-07-31 17:02:55.369  INFO 20084 --- [    Test worker] t.c.s.AnnotationConfigContextLoaderUtils : Could not detect default configuration classes for test class [kr.seoulautogallery.web.PostsApiControllerTest]: PostsApiControllerTest does not declare any static, non-private, non-final, nested classes annotated with @Configuration.
2020-07-31 17:02:55.370  INFO 20084 --- [    Test worker] .b.t.c.SpringBootTestContextBootstrapper : Found @SpringBootConfiguration kr.seoulautogallery.Application for test class kr.seoulautogallery.web.PostsApiControllerTest
2020-07-31 17:02:55.371  INFO 20084 --- [    Test worker] .b.t.c.SpringBootTestContextBootstrapper : Loaded default TestExecutionListener class names from location [META-INF/spring.factories]: [org.springframework.security.test.context.support.WithSecurityContextTestExecutionListener, org.springframework.security.test.context.support.ReactorContextTestExecutionListener, org.springframework.boot.test.autoconfigure.restdocs.RestDocsTestExecutionListener, org.springframework.boot.test.autoconfigure.web.client.MockRestServiceServerResetTestExecutionListener, org.springframework.boot.test.autoconfigure.web.servlet.MockMvcPrintOnlyOnFailureTestExecutionListener, org.springframework.boot.test.autoconfigure.web.servlet.WebDriverTestExecutionListener, org.springframework.boot.test.mock.mockito.MockitoTestExecutionListener, org.springframework.boot.test.mock.mockito.ResetMocksTestExecutionListener, org.springframework.test.context.web.ServletTestExecutionListener, org.springframework.test.context.support.DirtiesContextBeforeModesTestExecutionListener, org.springframework.test.context.support.DependencyInjectionTestExecutionListener, org.springframework.test.context.support.DirtiesContextTestExecutionListener, org.springframework.test.context.transaction.TransactionalTestExecutionListener, org.springframework.test.context.jdbc.SqlScriptsTestExecutionListener]
2020-07-31 17:02:55.372  INFO 20084 --- [    Test worker] .b.t.c.SpringBootTestContextBootstrapper : Using TestExecutionListeners: [org.springframework.test.context.web.ServletTestExecutionListener@5ac68937, org.springframework.test.context.support.DirtiesContextBeforeModesTestExecutionListener@253c4226, org.springframework.boot.test.mock.mockito.MockitoTestExecutionListener@4f1ce69, org.springframework.boot.test.autoconfigure.SpringBootDependencyInjectionTestExecutionListener@7cf7d60b, org.springframework.test.context.support.DirtiesContextTestExecutionListener@12167793, org.springframework.test.context.transaction.TransactionalTestExecutionListener@55fc3a85, org.springframework.test.context.jdbc.SqlScriptsTestExecutionListener@5ff434d5, org.springframework.security.test.context.support.WithSecurityContextTestExecutionListener@1df1e6ae, org.springframework.security.test.context.support.ReactorContextTestExecutionListener@3c7ab06c, org.springframework.boot.test.autoconfigure.restdocs.RestDocsTestExecutionListener@8e69d74, org.springframework.boot.test.autoconfigure.web.client.MockRestServiceServerResetTestExecutionListener@76ca5221, org.springframework.boot.test.autoconfigure.web.servlet.MockMvcPrintOnlyOnFailureTestExecutionListener@641c0ec0, org.springframework.boot.test.autoconfigure.web.servlet.WebDriverTestExecutionListener@d8c2bff, org.springframework.boot.test.mock.mockito.ResetMocksTestExecutionListener@31bd1a07]
2020-07-31 17:02:55.379  INFO 20084 --- [    Test worker] o.a.c.c.C.[Tomcat].[localhost].[/]       : Initializing Spring TestDispatcherServlet ''
2020-07-31 17:02:55.379  INFO 20084 --- [    Test worker] o.s.t.web.servlet.TestDispatcherServlet  : Initializing Servlet ''
2020-07-31 17:02:55.382  INFO 20084 --- [    Test worker] o.s.t.web.servlet.TestDispatcherServlet  : Completed initialization in 3 ms
Hibernate: insert into posts (created_date, modified_date, author, content, title) values (?, ?, ?, ?, ?)
Hibernate: select posts0_.id as id1_0_, posts0_.created_date as created_2_0_, posts0_.modified_date as modified3_0_, posts0_.author as author4_0_, posts0_.content as content5_0_, posts0_.title as title6_0_ from posts posts0_
Hibernate: select posts0_.id as id1_0_, posts0_.created_date as created_2_0_, posts0_.modified_date as modified3_0_, posts0_.author as author4_0_, posts0_.content as content5_0_, posts0_.title as title6_0_ from posts posts0_
Hibernate: delete from posts where id=?
2020-07-31 17:02:55.429  INFO 20084 --- [    Test worker] o.a.c.c.C.[Tomcat].[localhost].[/]       : Initializing Spring TestDispatcherServlet ''
2020-07-31 17:02:55.429  INFO 20084 --- [    Test worker] o.s.t.web.servlet.TestDispatcherServlet  : Initializing Servlet ''
2020-07-31 17:02:55.431  INFO 20084 --- [    Test worker] o.s.t.web.servlet.TestDispatcherServlet  : Completed initialization in 2 ms
Hibernate: insert into posts (created_date, modified_date, author, content, title) values (?, ?, ?, ?, ?)
Hibernate: select posts0_.id as id1_0_0_, posts0_.created_date as created_2_0_0_, posts0_.modified_date as modified3_0_0_, posts0_.author as author4_0_0_, posts0_.content as content5_0_0_, posts0_.title as title6_0_0_ from posts posts0_ where posts0_.id=?
Hibernate: update posts set created_date=?, modified_date=?, author=?, content=?, title=? where id=?
Hibernate: select posts0_.id as id1_0_, posts0_.created_date as created_2_0_, posts0_.modified_date as modified3_0_, posts0_.author as author4_0_, posts0_.content as content5_0_, posts0_.title as title6_0_ from posts posts0_
Hibernate: select posts0_.id as id1_0_, posts0_.created_date as created_2_0_, posts0_.modified_date as modified3_0_, posts0_.author as author4_0_, posts0_.content as content5_0_, posts0_.title as title6_0_ from posts posts0_
Hibernate: delete from posts where id=?
]]></system-out>
  <system-err><![CDATA[]]></system-err>
</testsuite>
